#
# There is insufficient memory for the Java Runtime Environment to continue.
# Native memory allocation (malloc) failed to allocate 32744 bytes for ChunkPool::allocate
# Possible reasons:
#   The system is out of physical RAM or swap space
#   In 32 bit mode, the process size limit was hit
# Possible solutions:
#   Reduce memory load on the system
#   Increase physical memory or swap space
#   Check if swap backing store is full
#   Use 64 bit Java on a 64 bit OS
#   Decrease Java heap size (-Xmx/-Xms)
#   Decrease number of Java threads
#   Decrease Java thread stack sizes (-Xss)
#   Set larger code cache with -XX:ReservedCodeCacheSize=
# This output file may be truncated or incomplete.
#
#  Out of Memory Error (allocation.cpp:273), pid=23408, tid=24920
#
# JRE version: Java(TM) SE Runtime Environment (8.0_72-b15) (build 1.8.0_72-b15)
# Java VM: Java HotSpot(TM) 64-Bit Server VM (25.72-b15 mixed mode windows-amd64 compressed oops)
# Failed to write core dump. Minidumps are not enabled by default on client versions of Windows
#

---------------  T H R E A D  ---------------

Current thread (0x00000000170a1800):  JavaThread "C1 CompilerThread3" daemon [_thread_in_native, id=24920, stack(0x0000000017b70000,0x0000000017c70000)]

Stack: [0x0000000017b70000,0x0000000017c70000]
[error occurred during error reporting (printing stack bounds), id 0xc0000005]

Native frames: (J=compiled Java code, j=interpreted, Vv=VM code, C=native code)


Current CompileTask:
C1:   2359  550   !   3       com.android.dx.cf.code.BytecodeArray::parseInstruction (2764 bytes)


---------------  P R O C E S S  ---------------

Java Threads: ( => current thread )
  0x0000000017312800 JavaThread "pool-1-thread-4" [_thread_in_vm, id=25256, stack(0x0000000018270000,0x0000000018370000)]
  0x0000000017311800 JavaThread "pool-1-thread-3" [_thread_blocked, id=25252, stack(0x0000000018170000,0x0000000018270000)]
  0x0000000017201800 JavaThread "pool-1-thread-2" [_thread_blocked, id=25248, stack(0x0000000018070000,0x0000000018170000)]
  0x0000000017201000 JavaThread "pool-2-thread-1" [_thread_blocked, id=25244, stack(0x0000000017f70000,0x0000000018070000)]
  0x0000000017200000 JavaThread "pool-1-thread-1" [_thread_in_Java, id=25240, stack(0x0000000017e70000,0x0000000017f70000)]
  0x000000001713f800 JavaThread "Service Thread" daemon [_thread_blocked, id=24928, stack(0x0000000017c70000,0x0000000017d70000)]
=>0x00000000170a1800 JavaThread "C1 CompilerThread3" daemon [_thread_in_native, id=24920, stack(0x0000000017b70000,0x0000000017c70000)]
  0x000000001709a000 JavaThread "C2 CompilerThread2" daemon [_thread_in_native, id=24916, stack(0x0000000017a70000,0x0000000017b70000)]
  0x0000000017099000 JavaThread "C2 CompilerThread1" daemon [_thread_in_native, id=24912, stack(0x0000000017970000,0x0000000017a70000)]
  0x0000000017096800 JavaThread "C2 CompilerThread0" daemon [_thread_blocked, id=24908, stack(0x0000000017870000,0x0000000017970000)]
  0x0000000017092800 JavaThread "Attach Listener" daemon [_thread_blocked, id=24904, stack(0x0000000017770000,0x0000000017870000)]
  0x0000000017047000 JavaThread "Signal Dispatcher" daemon [_thread_blocked, id=24900, stack(0x0000000017670000,0x0000000017770000)]
  0x0000000017030800 JavaThread "Finalizer" daemon [_thread_blocked, id=24672, stack(0x0000000017410000,0x0000000017510000)]
  0x00000000025f9000 JavaThread "Reference Handler" daemon [_thread_blocked, id=24668, stack(0x0000000016f10000,0x0000000017010000)]
  0x0000000002501000 JavaThread "main" [_thread_in_Java, id=20572, stack(0x0000000002020000,0x0000000002120000)]

Other Threads:
  0x0000000015119000 VMThread [stack: 0x0000000016e10000,0x0000000016f10000] [id=24648]
  0x00000000171b6000 WatcherThread [stack: 0x0000000017d70000,0x0000000017e70000] [id=24948]

VM state:not at safepoint (normal execution)

VM Mutex/Monitor currently owned by a thread: None

Heap:
 PSYoungGen      total 38400K, used 13571K [0x00000000eab00000, 0x00000000ed580000, 0x0000000100000000)
  eden space 33280K, 40% used [0x00000000eab00000,0x00000000eb840e78,0x00000000ecb80000)
  from space 5120K, 0% used [0x00000000ed080000,0x00000000ed080000,0x00000000ed580000)
  to   space 5120K, 0% used [0x00000000ecb80000,0x00000000ecb80000,0x00000000ed080000)
 ParOldGen       total 87552K, used 0K [0x00000000c0000000, 0x00000000c5580000, 0x00000000eab00000)
  object space 87552K, 0% used [0x00000000c0000000,0x00000000c0000000,0x00000000c5580000)
 Metaspace       used 5379K, capacity 6512K, committed 6784K, reserved 1056768K
  class space    used 579K, capacity 616K, committed 640K, reserved 1048576K

Card table byte_map: [0x00000000119c0000,0x0000000011bd0000] byte_map_base: 0x00000000113c0000

Marking Bits: (ParMarkBitMap*) 0x0000000072b60600
 Begin Bits: [0x0000000012530000, 0x0000000013530000)
 End Bits:   [0x0000000013530000, 0x0000000014530000)

Polling page: 0x0000000000870000

CodeCache: size=245760Kb used=2259Kb max_used=2277Kb free=243500Kb
 bounds [0x0000000002600000, 0x0000000002870000, 0x0000000011600000]
 total_blobs=820 nmethods=557 adapters=176
 compilation: enabled

Compilation events (10 events):
Event: 2.347 Thread 0x0000000017096800 nmethod 571 0x000000000282fd90 code [0x000000000282fee0, 0x0000000002830158]
Event: 2.347 Thread 0x000000001709a000 nmethod 570 0x000000000282f710 code [0x000000000282f860, 0x000000000282fbb8]
Event: 2.347 Thread 0x0000000017099000 nmethod 574 0x0000000002838610 code [0x0000000002838740, 0x00000000028387f8]
Event: 2.347 Thread 0x000000001709a000  577       4       java.util.BitSet::nextSetBit (102 bytes)
Event: 2.348 Thread 0x0000000017096800  579       4       java.util.BitSet::set (58 bytes)
Event: 2.350 Thread 0x000000001709a000 nmethod 577 0x0000000002836d50 code [0x0000000002836ea0, 0x0000000002836fd8]
Event: 2.350 Thread 0x0000000017096800 nmethod 579 0x0000000002831ad0 code [0x0000000002831c20, 0x0000000002831d38]
Event: 2.351 Thread 0x000000001709a000  583       4       java.util.HashMap::get (23 bytes)
Event: 2.354 Thread 0x0000000017096800  585       4       java.lang.Long::bitCount (61 bytes)
Event: 2.354 Thread 0x0000000017096800 nmethod 585 0x0000000002831890 code [0x00000000028319c0, 0x0000000002831a78]

GC Heap History (0 events):
No events

Deoptimization events (10 events):
Event: 2.192 Thread 0x0000000017312800 Uncommon trap: reason=class_check action=maybe_recompile pc=0x00000000027ac198 method=com.android.dx.rop.cst.Constant.compareTo(Ljava/lang/Object;)I @ 2
Event: 2.192 Thread 0x0000000017312800 Uncommon trap: reason=class_check action=maybe_recompile pc=0x00000000027ac198 method=com.android.dx.rop.cst.Constant.compareTo(Ljava/lang/Object;)I @ 2
Event: 2.192 Thread 0x0000000017312800 Uncommon trap: reason=class_check action=maybe_recompile pc=0x00000000027ac198 method=com.android.dx.rop.cst.Constant.compareTo(Ljava/lang/Object;)I @ 2
Event: 2.206 Thread 0x0000000017312800 Uncommon trap: reason=unstable_if action=reinterpret pc=0x00000000027ab640 method=com.android.dx.rop.cst.CstMemberRef.compareTo0(Lcom/android/dx/rop/cst/Constant;)I @ 18
Event: 2.206 Thread 0x0000000017312800 Uncommon trap: reason=unstable_if action=reinterpret pc=0x00000000027a9438 method=com.android.dx.rop.cst.CstMemberRef.compareTo0(Lcom/android/dx/rop/cst/Constant;)I @ 18
Event: 2.216 Thread 0x0000000017311800 Uncommon trap: reason=speculate_class_check action=maybe_recompile pc=0x00000000027d3470 method=com.android.dx.rop.cst.Constant.compareTo(Lcom/android/dx/rop/cst/Constant;)I @ 29
Event: 2.216 Thread 0x0000000017311800 Uncommon trap: reason=speculate_class_check action=maybe_recompile pc=0x00000000027d3470 method=com.android.dx.rop.cst.Constant.compareTo(Lcom/android/dx/rop/cst/Constant;)I @ 29
Event: 2.216 Thread 0x0000000017311800 Uncommon trap: reason=speculate_class_check action=maybe_recompile pc=0x00000000027d3470 method=com.android.dx.rop.cst.Constant.compareTo(Lcom/android/dx/rop/cst/Constant;)I @ 29
Event: 2.216 Thread 0x0000000017311800 Uncommon trap: reason=speculate_class_check action=maybe_recompile pc=0x00000000027d3470 method=com.android.dx.rop.cst.Constant.compareTo(Lcom/android/dx/rop/cst/Constant;)I @ 29
Event: 2.347 Thread 0x0000000017312800 Uncommon trap: reason=unstable_if action=reinterpret pc=0x00000000027fe7c8 method=java.util.HashMap.getNode(ILjava/lang/Object;)Ljava/util/HashMap$Node; @ 62

Internal exceptions (2 events):
Event: 0.035 Thread 0x0000000002501000 Exception <a 'java/lang/NoSuchMethodError': Method sun.misc.Unsafe.defineClass(Ljava/lang/String;[BII)Ljava/lang/Class; name or signature does not match> (0x00000000eab07cc0) thrown at [C:\re\workspace\8-2-build-windows-amd64-cygwin\jdk8u72\5732\hotspot\sr1B6àB¢?
Event: 0.035 Thread 0x0000000002501000 Exception <a 'java/lang/NoSuchMethodError': Method sun.misc.Unsafe.prefetchRead(Ljava/lang/Object;J)V name or signature does not match> (0x00000000eab07fa8) thrown at [C:\re\workspace\8-2-build-windows-amd64-cygwin\jdk8u72\5732\hotspot\src\share\vm\prims\jð

Events (10 events):
Event: 2.335 loading class com/android/dx/cf/code/SwitchList done
Event: 2.338 loading class com/android/dx/cf/code/BytecodeArray$ConstantParserVisitor
Event: 2.338 loading class com/android/dx/cf/code/BytecodeArray$ConstantParserVisitor done
Event: 2.347 Thread 0x0000000017312800 Uncommon trap: trap_request=0xffffff65 fr.pc=0x00000000027fe7c8
Event: 2.347 Thread 0x0000000017312800 DEOPT PACKING pc=0x00000000027fe7c8 sp=0x000000001836e3d0
Event: 2.347 Thread 0x0000000017312800 DEOPT UNPACKING pc=0x000000000264582a sp=0x000000001836e348 mode 2
Event: 2.353 loading class com/android/dx/ssa/back/FirstFitLocalCombiningAllocator$Multiset
Event: 2.353 loading class com/android/dx/ssa/back/FirstFitLocalCombiningAllocator$Multiset done
Event: 2.356 loading class java/util/DualPivotQuicksort
Event: 2.356 loading class java/util/DualPivotQuicksort done


Dynamic libraries:
0x00007ff71b2e0000 - 0x00007ff71b317000 	D:\Program Files\Java\jdk1.8.0_72\bin\java.exe
0x00007ffe20ec0000 - 0x00007ffe2108a000 	C:\WINDOWS\SYSTEM32\ntdll.dll
0x00007ffe20300000 - 0x00007ffe203ab000 	C:\WINDOWS\system32\KERNEL32.DLL
0x00007ffe1ddc0000 - 0x00007ffe1dfb2000 	C:\WINDOWS\system32\KERNELBASE.dll
0x00007ffe20190000 - 0x00007ffe20237000 	C:\WINDOWS\system32\ADVAPI32.dll
0x00007ffe1ea00000 - 0x00007ffe1ea9d000 	C:\WINDOWS\system32\msvcrt.dll
0x00007ffe209f0000 - 0x00007ffe20a4c000 	C:\WINDOWS\system32\sechost.dll
0x00007ffe1e2f0000 - 0x00007ffe1e41c000 	C:\WINDOWS\system32\RPCRT4.dll
0x00007ffe1e710000 - 0x00007ffe1e873000 	C:\WINDOWS\system32\USER32.dll
0x00007ffe1d4f0000 - 0x00007ffe1d50e000 	C:\WINDOWS\system32\win32u.dll
0x00007ffe203b0000 - 0x00007ffe20530000 	C:\WINDOWS\system32\GDI32.dll
0x00007ffe19a50000 - 0x00007ffe19cc4000 	C:\WINDOWS\WinSxS\amd64_microsoft.windows.common-controls_6595b64144ccf1df_6.0.14257.1000_none_7ea9765ae95490c8\COMCTL32.dll
0x00007ffe1e480000 - 0x00007ffe1e706000 	C:\WINDOWS\system32\combase.dll
0x00007ffe1dc00000 - 0x00007ffe1dc6a000 	C:\WINDOWS\system32\bcryptPrimitives.dll
0x00007ffe20a50000 - 0x00007ffe20a7d000 	C:\WINDOWS\system32\IMM32.DLL
0x0000000071db0000 - 0x0000000071e82000 	D:\Program Files\Java\jdk1.8.0_72\jre\bin\msvcr100.dll
0x0000000072350000 - 0x0000000072be0000 	D:\Program Files\Java\jdk1.8.0_72\jre\bin\server\jvm.dll
0x00007ffe1e9f0000 - 0x00007ffe1e9f7000 	C:\WINDOWS\system32\PSAPI.DLL
0x00007ffe19fc0000 - 0x00007ffe19fc9000 	C:\WINDOWS\SYSTEM32\WSOCK32.dll
0x00007ffe208a0000 - 0x00007ffe2090b000 	C:\WINDOWS\system32\WS2_32.dll
0x00007ffe1b730000 - 0x00007ffe1b753000 	C:\WINDOWS\SYSTEM32\WINMM.dll
0x00007ffe19df0000 - 0x00007ffe19dfa000 	C:\WINDOWS\SYSTEM32\VERSION.dll
0x00007ffe1b640000 - 0x00007ffe1b66c000 	C:\WINDOWS\SYSTEM32\WINMMBASE.dll
0x00007ffe1dc70000 - 0x00007ffe1dcb3000 	C:\WINDOWS\system32\cfgmgr32.dll
0x0000000072260000 - 0x000000007226f000 	D:\Program Files\Java\jdk1.8.0_72\jre\bin\verify.dll
0x0000000072230000 - 0x0000000072259000 	D:\Program Files\Java\jdk1.8.0_72\jre\bin\java.dll
0x0000000072210000 - 0x0000000072226000 	D:\Program Files\Java\jdk1.8.0_72\jre\bin\zip.dll
0x00007ffe1eb00000 - 0x00007ffe2002a000 	C:\WINDOWS\system32\SHELL32.dll
0x00007ffe1d590000 - 0x00007ffe1dbf1000 	C:\WINDOWS\system32\windows.storage.dll
0x00007ffe1e420000 - 0x00007ffe1e473000 	C:\WINDOWS\system32\shlwapi.dll
0x00007ffe1d480000 - 0x00007ffe1d48f000 	C:\WINDOWS\system32\kernel.appcore.dll
0x00007ffe1e070000 - 0x00007ffe1e120000 	C:\WINDOWS\system32\shcore.dll
0x00007ffe1d4a0000 - 0x00007ffe1d4eb000 	C:\WINDOWS\system32\powrprof.dll
0x00007ffe1dcc0000 - 0x00007ffe1ddb8000 	C:\WINDOWS\system32\ucrtbase.dll
0x00007ffe1d460000 - 0x00007ffe1d474000 	C:\WINDOWS\system32\profapi.dll

VM Arguments:
jvm_args: -Djava.awt.headless=true -Xmx1024M -Dfile.encoding=GBK -Duser.country=CN -Duser.language=zh -Duser.variant 
java_command: com.android.dx.command.Main --dex --num-threads=4 --output F:\Android\demo\TIFAInput\app\build\intermediates\pre-dexed\debug\main_1c820c3a9d7138973580801fe2de7b13f6ea48b1.jar F:\Android\demo\TIFAInput\app\build\intermediates\transforms\instantRun\debug\folders\1\5\main
java_class_path (initial): F:\Android\android-sdk\build-tools\23.0.2\lib\dx.jar
Launcher Type: SUN_STANDARD

Environment Variables:
JAVA_HOME=D:\Program Files\Java\jdk1.8.0_72
PATH=C:\ProgramData\Oracle\Java\javapath;C:\WINDOWS\system32;C:\WINDOWS;C:\WINDOWS\System32\Wbem;C:\WINDOWS\System32\WindowsPowerShell\v1.0\;D:\Program Files\Java\jdk1.8.0_72\bin;D:\Program Files\android-studio\gradle\gradle-2.10\bin
USERNAME=ºØÖ¾»¢
OS=Windows_NT
PROCESSOR_IDENTIFIER=Intel64 Family 6 Model 60 Stepping 3, GenuineIntel



---------------  S Y S T E M  ---------------

OS: Windows 10.0 , 64 bit Build 14257 (10.0.14257.1000)

CPU:total 8 (4 cores per cpu, 2 threads per core) family 6 model 60 stepping 3, cmov, cx8, fxsr, mmx, sse, sse2, sse3, ssse3, sse4.1, sse4.2, popcnt, avx, avx2, aes, clmul, erms, lzcnt, ht, tsc, tscinvbit, bmi1, bmi2

Memory: 4k page, physical 8313132k(697036k free), swap 16077280k(5140k free)

vm_info: Java HotSpot(TM) 64-Bit Server VM (25.72-b15) for windows-amd64 JRE (1.8.0_72-b15), built on Dec 22 2015 19:16:16 by "java_re" with MS VC++ 10.0 (VS2010)

time: Tue Feb 16 17:03:34 2016
elapsed time: 2 seconds (0d 0h 0m 2s)

