#
# There is insufficient memory for the Java Runtime Environment to continue.
# Native memory allocation (malloc) failed to allocate 1048576 bytes for AllocateHeap
# Possible reasons:
#   The system is out of physical RAM or swap space
#   In 32 bit mode, the process size limit was hit
# Possible solutions:
#   Reduce memory load on the system
#   Increase physical memory or swap space
#   Check if swap backing store is full
#   Use 64 bit Java on a 64 bit OS
#   Decrease Java heap size (-Xmx/-Xms)
#   Decrease number of Java threads
#   Decrease Java thread stack sizes (-Xss)
#   Set larger code cache with -XX:ReservedCodeCacheSize=
# This output file may be truncated or incomplete.
#
#  Out of Memory Error (memory/allocation.inline.hpp:61), pid=25548, tid=25072
#
# JRE version:  (8.0_72-b15) (build )
# Java VM: Java HotSpot(TM) 64-Bit Server VM (25.72-b15 mixed mode windows-amd64 compressed oops)
# Failed to write core dump. Minidumps are not enabled by default on client versions of Windows
#

---------------  T H R E A D  ---------------

Current thread (0x0000000002761000):  JavaThread "Unknown thread" [_thread_in_vm, id=25072, stack(0x0000000002660000,0x0000000002760000)]

Stack: [0x0000000002660000,0x0000000002760000]
[error occurred during error reporting (printing stack bounds), id 0xc0000005]

Native frames: (J=compiled Java code, j=interpreted, Vv=VM code, C=native code)


---------------  P R O C E S S  ---------------

Java Threads: ( => current thread )

Other Threads:

=>0x0000000002761000 (exited) JavaThread "Unknown thread" [_thread_in_vm, id=25072, stack(0x0000000002660000,0x0000000002760000)]

VM state:not at safepoint (normal execution)

VM Mutex/Monitor currently owned by a thread: None

Heap:
 PSYoungGen      total 38400K, used 665K [0x00000000eab00000, 0x00000000ed580000, 0x0000000100000000)
  eden space 33280K, 2% used [0x00000000eab00000,0x00000000eaba6670,0x00000000ecb80000)
  from space 5120K, 0% used [0x00000000ed080000,0x00000000ed080000,0x00000000ed580000)
  to   space 5120K, 0% used [0x00000000ecb80000,0x00000000ecb80000,0x00000000ed080000)
 ParOldGen       total 87552K, used 0K [0x00000000c0000000, 0x00000000c5580000, 0x00000000eab00000)
  object space 87552K, 0% used [0x00000000c0000000,0x00000000c0000000,0x00000000c5580000)
 Metaspace       used 769K, capacity 4480K, committed 4480K, reserved 1056768K
  class space    used 75K, capacity 384K, committed 384K, reserved 1048576K

Card table byte_map: [0x0000000011c20000,0x0000000011e30000] byte_map_base: 0x0000000011620000

Marking Bits: (ParMarkBitMap*) 0x0000000072b60600
 Begin Bits: [0x0000000012790000, 0x0000000013790000)
 End Bits:   [0x0000000013790000, 0x0000000014790000)

Polling page: 0x0000000000530000

CodeCache: size=245760Kb used=328Kb max_used=328Kb free=245431Kb
 bounds [0x0000000002860000, 0x0000000002ad0000, 0x0000000011860000]
 total_blobs=58 nmethods=0 adapters=38
 compilation: enabled

Compilation events (0 events):
No events

GC Heap History (0 events):
No events

Deoptimization events (0 events):
No events

Internal exceptions (0 events):
No events

Events (10 events):
Event: 0.032 loading class java/lang/Short
Event: 0.032 loading class java/lang/Short done
Event: 0.032 loading class java/lang/Integer
Event: 0.032 loading class java/lang/Integer done
Event: 0.032 loading class java/lang/Long
Event: 0.032 loading class java/lang/Long done
Event: 0.033 loading class java/lang/NullPointerException
Event: 0.033 loading class java/lang/NullPointerException done
Event: 0.033 loading class java/lang/ArithmeticException
Event: 0.033 loading class java/lang/ArithmeticException done


Dynamic libraries:
0x00007ff71b2e0000 - 0x00007ff71b317000 	D:\Program Files\Java\jdk1.8.0_72\bin\java.exe
0x00007ffe20ec0000 - 0x00007ffe2108a000 	C:\WINDOWS\SYSTEM32\ntdll.dll
0x00007ffe20300000 - 0x00007ffe203ab000 	C:\WINDOWS\system32\KERNEL32.DLL
0x00007ffe1ddc0000 - 0x00007ffe1dfb2000 	C:\WINDOWS\system32\KERNELBASE.dll
0x00007ffe20190000 - 0x00007ffe20237000 	C:\WINDOWS\system32\ADVAPI32.dll
0x00007ffe1ea00000 - 0x00007ffe1ea9d000 	C:\WINDOWS\system32\msvcrt.dll
0x00007ffe209f0000 - 0x00007ffe20a4c000 	C:\WINDOWS\system32\sechost.dll
0x00007ffe1e2f0000 - 0x00007ffe1e41c000 	C:\WINDOWS\system32\RPCRT4.dll
0x00007ffe1e710000 - 0x00007ffe1e873000 	C:\WINDOWS\system32\USER32.dll
0x00007ffe1d4f0000 - 0x00007ffe1d50e000 	C:\WINDOWS\system32\win32u.dll
0x00007ffe203b0000 - 0x00007ffe20530000 	C:\WINDOWS\system32\GDI32.dll
0x00007ffe19a50000 - 0x00007ffe19cc4000 	C:\WINDOWS\WinSxS\amd64_microsoft.windows.common-controls_6595b64144ccf1df_6.0.14257.1000_none_7ea9765ae95490c8\COMCTL32.dll
0x00007ffe1e480000 - 0x00007ffe1e706000 	C:\WINDOWS\system32\combase.dll
0x00007ffe1dc00000 - 0x00007ffe1dc6a000 	C:\WINDOWS\system32\bcryptPrimitives.dll
0x00007ffe20a50000 - 0x00007ffe20a7d000 	C:\WINDOWS\system32\IMM32.DLL
0x0000000071db0000 - 0x0000000071e82000 	D:\Program Files\Java\jdk1.8.0_72\jre\bin\msvcr100.dll
0x0000000072350000 - 0x0000000072be0000 	D:\Program Files\Java\jdk1.8.0_72\jre\bin\server\jvm.dll
0x00007ffe1e9f0000 - 0x00007ffe1e9f7000 	C:\WINDOWS\system32\PSAPI.DLL
0x00007ffe19fc0000 - 0x00007ffe19fc9000 	C:\WINDOWS\SYSTEM32\WSOCK32.dll
0x00007ffe208a0000 - 0x00007ffe2090b000 	C:\WINDOWS\system32\WS2_32.dll
0x00007ffe1b730000 - 0x00007ffe1b753000 	C:\WINDOWS\SYSTEM32\WINMM.dll
0x00007ffe19df0000 - 0x00007ffe19dfa000 	C:\WINDOWS\SYSTEM32\VERSION.dll
0x00007ffe1b640000 - 0x00007ffe1b66c000 	C:\WINDOWS\SYSTEM32\WINMMBASE.dll
0x00007ffe1dc70000 - 0x00007ffe1dcb3000 	C:\WINDOWS\system32\cfgmgr32.dll
0x0000000072260000 - 0x000000007226f000 	D:\Program Files\Java\jdk1.8.0_72\jre\bin\verify.dll
0x0000000072230000 - 0x0000000072259000 	D:\Program Files\Java\jdk1.8.0_72\jre\bin\java.dll
0x0000000072210000 - 0x0000000072226000 	D:\Program Files\Java\jdk1.8.0_72\jre\bin\zip.dll

VM Arguments:
jvm_args: -Djava.awt.headless=true -Xmx1024M -Dfile.encoding=GBK -Duser.country=CN -Duser.language=zh -Duser.variant 
java_command: com.android.dx.command.Main --dex --num-threads=4 --output F:\Android\demo\TIFAInput\app\build\intermediates\pre-dexed\debug\classes_7810f5ffb560a286a0400403c5694406a76b6ea7.jar F:\Android\demo\TIFAInput\app\build\intermediates\incremental-classes\debug\classes.jar
java_class_path (initial): F:\Android\android-sdk\build-tools\23.0.2\lib\dx.jar
Launcher Type: SUN_STANDARD

Environment Variables:
JAVA_HOME=D:\Program Files\Java\jdk1.8.0_72
PATH=C:\ProgramData\Oracle\Java\javapath;C:\WINDOWS\system32;C:\WINDOWS;C:\WINDOWS\System32\Wbem;C:\WINDOWS\System32\WindowsPowerShell\v1.0\;D:\Program Files\Java\jdk1.8.0_72\bin;D:\Program Files\android-studio\gradle\gradle-2.10\bin
USERNAME=∫ÿ÷æª¢
OS=Windows_NT
PROCESSOR_IDENTIFIER=Intel64 Family 6 Model 60 Stepping 3, GenuineIntel



---------------  S Y S T E M  ---------------

OS: Windows 10.0 , 64 bit Build 14257 (10.0.14257.1000)

CPU:total 8 (4 cores per cpu, 2 threads per core) family 6 model 60 stepping 3, cmov, cx8, fxsr, mmx, sse, sse2, sse3, ssse3, sse4.1, sse4.2, popcnt, avx, avx2, aes, clmul, erms, lzcnt, ht, tsc, tscinvbit, bmi1, bmi2

Memory: 4k page, physical 8313132k(1051820k free), swap 16077280k(11100k free)

vm_info: Java HotSpot(TM) 64-Bit Server VM (25.72-b15) for windows-amd64 JRE (1.8.0_72-b15), built on Dec 22 2015 19:16:16 by "java_re" with MS VC++ 10.0 (VS2010)

time: Tue Feb 16 17:08:22 2016
elapsed time: 0 seconds (0d 0h 0m 0s)

