#
# There is insufficient memory for the Java Runtime Environment to continue.
# Native memory allocation (malloc) failed to allocate 869536 bytes for Chunk::new
# Possible reasons:
#   The system is out of physical RAM or swap space
#   In 32 bit mode, the process size limit was hit
# Possible solutions:
#   Reduce memory load on the system
#   Increase physical memory or swap space
#   Check if swap backing store is full
#   Use 64 bit Java on a 64 bit OS
#   Decrease Java heap size (-Xmx/-Xms)
#   Decrease number of Java threads
#   Decrease Java thread stack sizes (-Xss)
#   Set larger code cache with -XX:ReservedCodeCacheSize=
# This output file may be truncated or incomplete.
#
#  Out of Memory Error (allocation.cpp:390), pid=21748, tid=25020
#
# JRE version: Java(TM) SE Runtime Environment (8.0_72-b15) (build 1.8.0_72-b15)
# Java VM: Java HotSpot(TM) 64-Bit Server VM (25.72-b15 mixed mode windows-amd64 compressed oops)
# Failed to write core dump. Minidumps are not enabled by default on client versions of Windows
#

---------------  T H R E A D  ---------------

Current thread (0x00000000151bd000):  JavaThread "C2 CompilerThread1" daemon [_thread_in_native, id=25020, stack(0x00000000178e0000,0x00000000179e0000)]

Stack: [0x00000000178e0000,0x00000000179e0000]
[error occurred during error reporting (printing stack bounds), id 0xc0000005]

Native frames: (J=compiled Java code, j=interpreted, Vv=VM code, C=native code)


Current CompileTask:
C2:   2313 1211       4       com.android.dx.ssa.SCCP::simulateStmt (481 bytes)


---------------  P R O C E S S  ---------------

Java Threads: ( => current thread )
  0x0000000017281800 JavaThread "pool-1-thread-4" [_thread_blocked, id=25208, stack(0x00000000181e0000,0x00000000182e0000)]
  0x000000001727c000 JavaThread "pool-1-thread-3" [_thread_blocked, id=25196, stack(0x00000000180e0000,0x00000000181e0000)]
  0x0000000017277800 JavaThread "pool-1-thread-2" [_thread_blocked, id=25192, stack(0x0000000017fe0000,0x00000000180e0000)]
  0x0000000017274800 JavaThread "pool-2-thread-1" [_thread_blocked, id=25188, stack(0x0000000017ee0000,0x0000000017fe0000)]
  0x0000000017271800 JavaThread "pool-1-thread-1" [_thread_blocked, id=25184, stack(0x0000000017de0000,0x0000000017ee0000)]
  0x000000001718a000 JavaThread "Service Thread" daemon [_thread_blocked, id=25032, stack(0x0000000017be0000,0x0000000017ce0000)]
  0x0000000017168800 JavaThread "C1 CompilerThread3" daemon [_thread_blocked, id=25028, stack(0x0000000017ae0000,0x0000000017be0000)]
  0x000000001710e800 JavaThread "C2 CompilerThread2" daemon [_thread_in_native, id=25024, stack(0x00000000179e0000,0x0000000017ae0000)]
=>0x00000000151bd000 JavaThread "C2 CompilerThread1" daemon [_thread_in_native, id=25020, stack(0x00000000178e0000,0x00000000179e0000)]
  0x00000000151b9800 JavaThread "C2 CompilerThread0" daemon [_thread_blocked, id=25008, stack(0x00000000177e0000,0x00000000178e0000)]
  0x0000000017108000 JavaThread "Attach Listener" daemon [_thread_blocked, id=25004, stack(0x00000000176e0000,0x00000000177e0000)]
  0x00000000170bc000 JavaThread "Signal Dispatcher" daemon [_thread_blocked, id=25000, stack(0x00000000175e0000,0x00000000176e0000)]
  0x00000000170a0800 JavaThread "Finalizer" daemon [_thread_blocked, id=24880, stack(0x0000000017480000,0x0000000017580000)]
  0x0000000002686000 JavaThread "Reference Handler" daemon [_thread_blocked, id=24844, stack(0x0000000016f80000,0x0000000017080000)]
  0x0000000002591000 JavaThread "main" [_thread_in_Java, id=24612, stack(0x0000000002490000,0x0000000002590000)]

Other Threads:
  0x00000000151a9000 VMThread [stack: 0x0000000016e80000,0x0000000016f80000] [id=24840]
  0x0000000017195000 WatcherThread [stack: 0x0000000017ce0000,0x0000000017de0000] [id=25076]

VM state:not at safepoint (normal execution)

VM Mutex/Monitor currently owned by a thread: None

Heap:
 PSYoungGen      total 38400K, used 16005K [0x00000000eab00000, 0x00000000ef600000, 0x0000000100000000)
  eden space 33280K, 32% used [0x00000000eab00000,0x00000000eb5a6348,0x00000000ecb80000)
  from space 5120K, 99% used [0x00000000ecb80000,0x00000000ed07b300,0x00000000ed080000)
  to   space 5120K, 0% used [0x00000000ef100000,0x00000000ef100000,0x00000000ef600000)
 ParOldGen       total 87552K, used 1378K [0x00000000c0000000, 0x00000000c5580000, 0x00000000eab00000)
  object space 87552K, 1% used [0x00000000c0000000,0x00000000c0158930,0x00000000c5580000)
 Metaspace       used 6031K, capacity 6902K, committed 7040K, reserved 1056768K
  class space    used 605K, capacity 622K, committed 640K, reserved 1048576K

Card table byte_map: [0x0000000011a50000,0x0000000011c60000] byte_map_base: 0x0000000011450000

Marking Bits: (ParMarkBitMap*) 0x0000000072b60600
 Begin Bits: [0x00000000125c0000, 0x00000000135c0000)
 End Bits:   [0x00000000135c0000, 0x00000000145c0000)

Polling page: 0x0000000000500000

CodeCache: size=245760Kb used=5046Kb max_used=5059Kb free=240713Kb
 bounds [0x0000000002690000, 0x0000000002b90000, 0x0000000011690000]
 total_blobs=1529 nmethods=1258 adapters=184
 compilation: enabled

Compilation events (10 events):
Event: 2.221 Thread 0x00000000151b9800 1216       4       java.util.ArrayList$SubList::size (9 bytes)
Event: 2.222 Thread 0x00000000151b9800 nmethod 1216 0x0000000002a98e50 code [0x0000000002a98f80, 0x0000000002a99018]
Event: 2.222 Thread 0x00000000151b9800 1152       4       com.android.dx.rop.code.RopMethod::labelToPredecessors (54 bytes)
Event: 2.229 Thread 0x00000000151bd000 nmethod 1272 0x0000000002b73a50 code [0x0000000002b73bc0, 0x0000000002b74248]
Event: 2.229 Thread 0x00000000151bd000 1211       4       com.android.dx.ssa.SCCP::simulateStmt (481 bytes)
Event: 2.268 Thread 0x00000000151b9800 nmethod 1152 0x0000000002b853d0 code [0x0000000002b855e0, 0x0000000002b86910]
Event: 2.268 Thread 0x00000000151b9800 1238       4       com.android.dx.ssa.SsaInsn::<init> (29 bytes)
Event: 2.269 Thread 0x00000000151b9800 nmethod 1238 0x0000000002b196d0 code [0x0000000002b19800, 0x0000000002b19898]
Event: 2.297 Thread 0x00000000151b9800 1283       4       com.android.dx.ssa.SCCP::simulatePhiBlock (50 bytes)
Event: 2.302 Thread 0x00000000151b9800 nmethod 1283 0x0000000002b84d10 code [0x0000000002b84e60, 0x0000000002b850a8]

GC Heap History (2 events):
Event: 1.689 GC heap before
{Heap before GC invocations=1 (full 0):
 PSYoungGen      total 38400K, used 33280K [0x00000000eab00000, 0x00000000ed580000, 0x0000000100000000)
  eden space 33280K, 100% used [0x00000000eab00000,0x00000000ecb80000,0x00000000ecb80000)
  from space 5120K, 0% used [0x00000000ed080000,0x00000000ed080000,0x00000000ed580000)
  to   space 5120K, 0% used [0x00000000ecb80000,0x00000000ecb80000,0x00000000ed080000)
 ParOldGen       total 87552K, used 0K [0x00000000c0000000, 0x00000000c5580000, 0x00000000eab00000)
  object space 87552K, 0% used [0x00000000c0000000,0x00000000c0000000,0x00000000c5580000)
 Metaspace       used 5988K, capacity 6902K, committed 7040K, reserved 1056768K
  class space    used 605K, capacity 622K, committed 640K, reserved 1048576K
Event: 2.029 GC heap after
Heap after GC invocations=1 (full 0):
 PSYoungGen      total 38400K, used 5100K [0x00000000eab00000, 0x00000000ef600000, 0x0000000100000000)
  eden space 33280K, 0% used [0x00000000eab00000,0x00000000eab00000,0x00000000ecb80000)
  from space 5120K, 99% used [0x00000000ecb80000,0x00000000ed07b300,0x00000000ed080000)
  to   space 5120K, 0% used [0x00000000ef100000,0x00000000ef100000,0x00000000ef600000)
 ParOldGen       total 87552K, used 1378K [0x00000000c0000000, 0x00000000c5580000, 0x00000000eab00000)
  object space 87552K, 1% used [0x00000000c0000000,0x00000000c0158930,0x00000000c5580000)
 Metaspace       used 5988K, capacity 6902K, committed 7040K, reserved 1056768K
  class space    used 605K, capacity 622K, committed 640K, reserved 1048576K
}

Deoptimization events (7 events):
Event: 1.326 Thread 0x0000000002591000 Uncommon trap: reason=class_check action=maybe_recompile pc=0x000000000299a728 method=com.android.dx.ssa.NormalSsaInsn.accept(Lcom/android/dx/ssa/SsaInsn$Visitor;)V @ 9
Event: 1.326 Thread 0x0000000002591000 Uncommon trap: reason=class_check action=maybe_recompile pc=0x000000000299a728 method=com.android.dx.ssa.NormalSsaInsn.accept(Lcom/android/dx/ssa/SsaInsn$Visitor;)V @ 9
Event: 1.326 Thread 0x0000000002591000 Uncommon trap: reason=class_check action=maybe_recompile pc=0x000000000299a728 method=com.android.dx.ssa.NormalSsaInsn.accept(Lcom/android/dx/ssa/SsaInsn$Visitor;)V @ 9
Event: 1.326 Thread 0x0000000017271800 Uncommon trap: reason=null_check action=make_not_entrant pc=0x000000000299af88 method=com.android.dx.ssa.SsaRenamer.getLocalForNewReg(I)Lcom/android/dx/rop/code/LocalItem; @ 19
Event: 1.327 Thread 0x0000000002591000 Uncommon trap: reason=class_check action=maybe_recompile pc=0x00000000029014b0 method=com.android.dx.ssa.NormalSsaInsn.accept(Lcom/android/dx/ssa/SsaInsn$Visitor;)V @ 9
Event: 1.345 Thread 0x0000000002591000 Uncommon trap: reason=unstable_if action=reinterpret pc=0x0000000002963ed8 method=com.android.dx.rop.code.RegisterSpec.equals(ILcom/android/dx/rop/type/TypeBearer;Lcom/android/dx/rop/code/LocalItem;)Z @ 42
Event: 1.373 Thread 0x000000001727c000 Uncommon trap: reason=unstable_if action=reinterpret pc=0x00000000029f8404 method=com.android.dx.ssa.SsaRenamer$BlockRenamer.addMapping(ILcom/android/dx/rop/code/RegisterSpec;)V @ 120

Internal exceptions (3 events):
Event: 0.137 Thread 0x0000000002591000 Exception <a 'java/lang/NoSuchMethodError': Method sun.misc.Unsafe.defineClass(Ljava/lang/String;[BII)Ljava/lang/Class; name or signature does not match> (0x00000000eab07cc0) thrown at [C:\re\workspace\8-2-build-windows-amd64-cygwin\jdk8u72\5732\hotspot\sr.™xl|Á?
Event: 0.137 Thread 0x0000000002591000 Exception <a 'java/lang/NoSuchMethodError': Method sun.misc.Unsafe.prefetchRead(Ljava/lang/Object;J)V name or signature does not match> (0x00000000eab07fa8) thrown at [C:\re\workspace\8-2-build-windows-amd64-cygwin\jdk8u72\5732\hotspot\src\share\vm\prims\jû8èkÜ7õ?
Event: 1.326 Thread 0x0000000017271800 Implicit null exception at 0x0000000002999209 to 0x000000000299af3d

Events (10 events):
Event: 1.642 Executing VM operation: Deoptimize
Event: 1.642 Executing VM operation: Deoptimize done
Event: 1.683 Executing VM operation: ParallelGCFailedAllocation
Event: 2.029 Executing VM operation: ParallelGCFailedAllocation done
Event: 2.052 Thread 0x0000000002591000 DEOPT PACKING pc=0x0000000002a238e5 sp=0x000000000258e300
Event: 2.052 Thread 0x0000000002591000 DEOPT UNPACKING pc=0x00000000026d787f sp=0x000000000258e0e0 mode 0
Event: 2.075 Thread 0x0000000017277800 DEOPT PACKING pc=0x0000000002a238e5 sp=0x00000000180dee70
Event: 2.075 Thread 0x0000000017277800 DEOPT UNPACKING pc=0x00000000026d787f sp=0x00000000180dec50 mode 0
Event: 2.156 Thread 0x0000000017277800 DEOPT PACKING pc=0x0000000002a238e5 sp=0x00000000180ded70
Event: 2.156 Thread 0x0000000017277800 DEOPT UNPACKING pc=0x00000000026d787f sp=0x00000000180deb50 mode 0


Dynamic libraries:
0x00007ff71b2e0000 - 0x00007ff71b317000 	D:\Program Files\Java\jdk1.8.0_72\bin\java.exe
0x00007ffe20ec0000 - 0x00007ffe2108a000 	C:\WINDOWS\SYSTEM32\ntdll.dll
0x00007ffe20300000 - 0x00007ffe203ab000 	C:\WINDOWS\system32\KERNEL32.DLL
0x00007ffe1ddc0000 - 0x00007ffe1dfb2000 	C:\WINDOWS\system32\KERNELBASE.dll
0x00007ffe20190000 - 0x00007ffe20237000 	C:\WINDOWS\system32\ADVAPI32.dll
0x00007ffe1ea00000 - 0x00007ffe1ea9d000 	C:\WINDOWS\system32\msvcrt.dll
0x00007ffe209f0000 - 0x00007ffe20a4c000 	C:\WINDOWS\system32\sechost.dll
0x00007ffe1e2f0000 - 0x00007ffe1e41c000 	C:\WINDOWS\system32\RPCRT4.dll
0x00007ffe1e710000 - 0x00007ffe1e873000 	C:\WINDOWS\system32\USER32.dll
0x00007ffe1d4f0000 - 0x00007ffe1d50e000 	C:\WINDOWS\system32\win32u.dll
0x00007ffe203b0000 - 0x00007ffe20530000 	C:\WINDOWS\system32\GDI32.dll
0x00007ffe19a50000 - 0x00007ffe19cc4000 	C:\WINDOWS\WinSxS\amd64_microsoft.windows.common-controls_6595b64144ccf1df_6.0.14257.1000_none_7ea9765ae95490c8\COMCTL32.dll
0x00007ffe1e480000 - 0x00007ffe1e706000 	C:\WINDOWS\system32\combase.dll
0x00007ffe1dc00000 - 0x00007ffe1dc6a000 	C:\WINDOWS\system32\bcryptPrimitives.dll
0x00007ffe20a50000 - 0x00007ffe20a7d000 	C:\WINDOWS\system32\IMM32.DLL
0x0000000071db0000 - 0x0000000071e82000 	D:\Program Files\Java\jdk1.8.0_72\jre\bin\msvcr100.dll
0x0000000072350000 - 0x0000000072be0000 	D:\Program Files\Java\jdk1.8.0_72\jre\bin\server\jvm.dll
0x00007ffe1e9f0000 - 0x00007ffe1e9f7000 	C:\WINDOWS\system32\PSAPI.DLL
0x00007ffe19fc0000 - 0x00007ffe19fc9000 	C:\WINDOWS\SYSTEM32\WSOCK32.dll
0x00007ffe208a0000 - 0x00007ffe2090b000 	C:\WINDOWS\system32\WS2_32.dll
0x00007ffe1b730000 - 0x00007ffe1b753000 	C:\WINDOWS\SYSTEM32\WINMM.dll
0x00007ffe19df0000 - 0x00007ffe19dfa000 	C:\WINDOWS\SYSTEM32\VERSION.dll
0x00007ffe1b640000 - 0x00007ffe1b66c000 	C:\WINDOWS\SYSTEM32\winmmbase.dll
0x00007ffe1dc70000 - 0x00007ffe1dcb3000 	C:\WINDOWS\system32\cfgmgr32.dll
0x0000000072260000 - 0x000000007226f000 	D:\Program Files\Java\jdk1.8.0_72\jre\bin\verify.dll
0x0000000072230000 - 0x0000000072259000 	D:\Program Files\Java\jdk1.8.0_72\jre\bin\java.dll
0x0000000072210000 - 0x0000000072226000 	D:\Program Files\Java\jdk1.8.0_72\jre\bin\zip.dll
0x00007ffe1eb00000 - 0x00007ffe2002a000 	C:\WINDOWS\system32\SHELL32.dll
0x00007ffe1d590000 - 0x00007ffe1dbf1000 	C:\WINDOWS\system32\windows.storage.dll
0x00007ffe1e420000 - 0x00007ffe1e473000 	C:\WINDOWS\system32\shlwapi.dll
0x00007ffe1d480000 - 0x00007ffe1d48f000 	C:\WINDOWS\system32\kernel.appcore.dll
0x00007ffe1e070000 - 0x00007ffe1e120000 	C:\WINDOWS\system32\shcore.dll
0x00007ffe1d4a0000 - 0x00007ffe1d4eb000 	C:\WINDOWS\system32\powrprof.dll
0x00007ffe1dcc0000 - 0x00007ffe1ddb8000 	C:\WINDOWS\system32\ucrtbase.dll
0x00007ffe1d460000 - 0x00007ffe1d474000 	C:\WINDOWS\system32\profapi.dll

VM Arguments:
jvm_args: -Djava.awt.headless=true -Xmx1024M -Dfile.encoding=GBK -Duser.country=CN -Duser.language=zh -Duser.variant 
java_command: com.android.dx.command.Main --dex --num-threads=4 --output F:\Android\demo\TIFAInput\app\build\intermediates\pre-dexed\debug\instant-run_294448162674130abb5a9bf2c879d86aa2be1062.jar F:\Android\demo\TIFAInput\app\build\intermediates\incremental-runtimfe-classes\debug\instant-run.jar
java_class_path (initial): F:\Android\android-sdk\build-tools\23.0.2\lib\dx.jar
Launcher Type: SUN_STANDARD

Environment Variables:
JAVA_HOME=D:\Program Files\Java\jdk1.8.0_72
PATH=C:\ProgramData\Oracle\Java\javapath;C:\WINDOWS\system32;C:\WINDOWS;C:\WINDOWS\System32\Wbem;C:\WINDOWS\System32\WindowsPowerShell\v1.0\;D:\Program Files\Java\jdk1.8.0_72\bin;D:\Program Files\android-studio\gradle\gradle-2.10\bin
USERNAME=ºØÖ¾»¢
OS=Windows_NT
PROCESSOR_IDENTIFIER=Intel64 Family 6 Model 60 Stepping 3, GenuineIntel



---------------  S Y S T E M  ---------------

OS: Windows 10.0 , 64 bit Build 14257 (10.0.14257.1000)

CPU:total 8 (4 cores per cpu, 2 threads per core) family 6 model 60 stepping 3, cmov, cx8, fxsr, mmx, sse, sse2, sse3, ssse3, sse4.1, sse4.2, popcnt, avx, avx2, aes, clmul, erms, lzcnt, ht, tsc, tscinvbit, bmi1, bmi2

Memory: 4k page, physical 8313132k(698268k free), swap 16077280k(5140k free)

vm_info: Java HotSpot(TM) 64-Bit Server VM (25.72-b15) for windows-amd64 JRE (1.8.0_72-b15), built on Dec 22 2015 19:16:16 by "java_re" with MS VC++ 10.0 (VS2010)

time: Tue Feb 16 17:03:34 2016
elapsed time: 2 seconds (0d 0h 0m 2s)

