#
# There is insufficient memory for the Java Runtime Environment to continue.
# Native memory allocation (malloc) failed to allocate 37760 bytes for Chunk::new
# Possible reasons:
#   The system is out of physical RAM or swap space
#   In 32 bit mode, the process size limit was hit
# Possible solutions:
#   Reduce memory load on the system
#   Increase physical memory or swap space
#   Check if swap backing store is full
#   Use 64 bit Java on a 64 bit OS
#   Decrease Java heap size (-Xmx/-Xms)
#   Decrease number of Java threads
#   Decrease Java thread stack sizes (-Xss)
#   Set larger code cache with -XX:ReservedCodeCacheSize=
# This output file may be truncated or incomplete.
#
#  Out of Memory Error (allocation.cpp:390), pid=20464, tid=24952
#
# JRE version: Java(TM) SE Runtime Environment (8.0_72-b15) (build 1.8.0_72-b15)
# Java VM: Java HotSpot(TM) 64-Bit Server VM (25.72-b15 mixed mode windows-amd64 compressed oops)
# Failed to write core dump. Minidumps are not enabled by default on client versions of Windows
#

---------------  T H R E A D  ---------------

Current thread (0x000000001525a800):  JavaThread "C2 CompilerThread0" daemon [_thread_in_native, id=24952, stack(0x0000000017840000,0x0000000017940000)]

Stack: [0x0000000017840000,0x0000000017940000]
[error occurred during error reporting (printing stack bounds), id 0xc0000005]

Native frames: (J=compiled Java code, j=interpreted, Vv=VM code, C=native code)


Current CompileTask:
C2:   2360 1357       4       com.android.dx.ssa.LiteralOpUpgrader::tryReplacingWithConstant (161 bytes)


---------------  P R O C E S S  ---------------

Java Threads: ( => current thread )
  0x0000000017e52800 JavaThread "pool-1-thread-4" [_thread_blocked, id=25172, stack(0x0000000018a40000,0x0000000018b40000)]
  0x0000000017e4d800 JavaThread "pool-1-thread-3" [_thread_blocked, id=25168, stack(0x0000000018940000,0x0000000018a40000)]
  0x0000000017e49000 JavaThread "pool-1-thread-2" [_thread_blocked, id=25164, stack(0x0000000018840000,0x0000000018940000)]
  0x0000000017e46000 JavaThread "pool-2-thread-1" [_thread_blocked, id=25160, stack(0x0000000018740000,0x0000000018840000)]
  0x0000000017e45800 JavaThread "pool-1-thread-1" [_thread_blocked, id=25156, stack(0x0000000018640000,0x0000000018740000)]
  0x000000001725c000 JavaThread "Service Thread" daemon [_thread_blocked, id=24976, stack(0x0000000017c40000,0x0000000017d40000)]
  0x000000001722a000 JavaThread "C1 CompilerThread3" daemon [_thread_blocked, id=24972, stack(0x0000000017b40000,0x0000000017c40000)]
  0x000000001721c800 JavaThread "C2 CompilerThread2" daemon [_thread_in_native, id=24968, stack(0x0000000017a40000,0x0000000017b40000)]
  0x00000000171d6800 JavaThread "C2 CompilerThread1" daemon [_thread_in_native, id=24964, stack(0x0000000017940000,0x0000000017a40000)]
=>0x000000001525a800 JavaThread "C2 CompilerThread0" daemon [_thread_in_native, id=24952, stack(0x0000000017840000,0x0000000017940000)]
  0x0000000015258000 JavaThread "Attach Listener" daemon [_thread_blocked, id=24944, stack(0x0000000017740000,0x0000000017840000)]
  0x000000001717c000 JavaThread "Signal Dispatcher" daemon [_thread_blocked, id=24940, stack(0x0000000017640000,0x0000000017740000)]
  0x0000000017160800 JavaThread "Finalizer" daemon [_thread_blocked, id=24632, stack(0x0000000017540000,0x0000000017640000)]
  0x0000000002726000 JavaThread "Reference Handler" daemon [_thread_blocked, id=24608, stack(0x0000000017040000,0x0000000017140000)]
  0x0000000002631000 JavaThread "main" [_thread_in_vm, id=19736, stack(0x0000000002430000,0x0000000002530000)]

Other Threads:
  0x0000000015249000 VMThread [stack: 0x0000000016f40000,0x0000000017040000] [id=24596]
  0x00000000172a5000 WatcherThread [stack: 0x0000000017d40000,0x0000000017e40000] [id=24988]

VM state:not at safepoint (normal execution)

VM Mutex/Monitor currently owned by a thread: None

Heap:
 PSYoungGen      total 38400K, used 26053K [0x00000000eab00000, 0x00000000ef600000, 0x0000000100000000)
  eden space 33280K, 62% used [0x00000000eab00000,0x00000000ebf75ac0,0x00000000ecb80000)
  from space 5120K, 99% used [0x00000000ecb80000,0x00000000ed07bad8,0x00000000ed080000)
  to   space 5120K, 0% used [0x00000000ef100000,0x00000000ef100000,0x00000000ef600000)
 ParOldGen       total 87552K, used 1266K [0x00000000c0000000, 0x00000000c5580000, 0x00000000eab00000)
  object space 87552K, 1% used [0x00000000c0000000,0x00000000c013ca00,0x00000000c5580000)
 Metaspace       used 6167K, capacity 7030K, committed 7296K, reserved 1056768K
  class space    used 607K, capacity 622K, committed 640K, reserved 1048576K

Card table byte_map: [0x0000000011af0000,0x0000000011d00000] byte_map_base: 0x00000000114f0000

Marking Bits: (ParMarkBitMap*) 0x0000000072b60600
 Begin Bits: [0x0000000012660000, 0x0000000013660000)
 End Bits:   [0x0000000013660000, 0x0000000014660000)

Polling page: 0x0000000000530000

CodeCache: size=245760Kb used=5652Kb max_used=5652Kb free=240107Kb
 bounds [0x0000000002730000, 0x0000000002cc0000, 0x0000000011730000]
 total_blobs=1648 nmethods=1377 adapters=184
 compilation: enabled

Compilation events (10 events):
Event: 2.325 Thread 0x000000001722a000 1382       3       com.android.dx.cf.code.Ropper$ExceptionSetupLabelAllocator::<init> (33 bytes)
Event: 2.325 Thread 0x000000001722a000 nmethod 1382 0x0000000002cb7410 code [0x0000000002cb75a0, 0x0000000002cb7a90]
Event: 2.326 Thread 0x000000001722a000 1384       3       java.util.TreeMap::containsKey (14 bytes)
Event: 2.326 Thread 0x000000001722a000 nmethod 1384 0x0000000002cb7cd0 code [0x0000000002cb7e40, 0x0000000002cb80a8]
Event: 2.326 Thread 0x000000001722a000 1385       3       com.android.dx.cf.code.BasicBlocker::identifyBlocks (18 bytes)
Event: 2.326 Thread 0x000000001722a000 nmethod 1385 0x0000000002cb8150 code [0x0000000002cb82e0, 0x0000000002cb8528]
Event: 2.326 Thread 0x000000001722a000 1386       3       com.android.dx.ssa.SCCP::replaceBranches (142 bytes)
Event: 2.327 Thread 0x000000001722a000 nmethod 1386 0x0000000002cb8610 code [0x0000000002cb8860, 0x0000000002cb9828]
Event: 2.327 Thread 0x000000001722a000 1387       3       com.android.dx.dex.code.OutputFinisher::hasLocalInfo (20 bytes)
Event: 2.328 Thread 0x000000001722a000 nmethod 1387 0x0000000002cb9f90 code [0x0000000002cba100, 0x0000000002cba390]

GC Heap History (2 events):
Event: 1.387 GC heap before
{Heap before GC invocations=1 (full 0):
 PSYoungGen      total 38400K, used 33280K [0x00000000eab00000, 0x00000000ed580000, 0x0000000100000000)
  eden space 33280K, 100% used [0x00000000eab00000,0x00000000ecb80000,0x00000000ecb80000)
  from space 5120K, 0% used [0x00000000ed080000,0x00000000ed080000,0x00000000ed580000)
  to   space 5120K, 0% used [0x00000000ecb80000,0x00000000ecb80000,0x00000000ed080000)
 ParOldGen       total 87552K, used 0K [0x00000000c0000000, 0x00000000c5580000, 0x00000000eab00000)
  object space 87552K, 0% used [0x00000000c0000000,0x00000000c0000000,0x00000000c5580000)
 Metaspace       used 6016K, capacity 6902K, committed 7040K, reserved 1056768K
  class space    used 607K, capacity 622K, committed 640K, reserved 1048576K
Event: 1.730 GC heap after
Heap after GC invocations=1 (full 0):
 PSYoungGen      total 38400K, used 5102K [0x00000000eab00000, 0x00000000ef600000, 0x0000000100000000)
  eden space 33280K, 0% used [0x00000000eab00000,0x00000000eab00000,0x00000000ecb80000)
  from space 5120K, 99% used [0x00000000ecb80000,0x00000000ed07bad8,0x00000000ed080000)
  to   space 5120K, 0% used [0x00000000ef100000,0x00000000ef100000,0x00000000ef600000)
 ParOldGen       total 87552K, used 1266K [0x00000000c0000000, 0x00000000c5580000, 0x00000000eab00000)
  object space 87552K, 1% used [0x00000000c0000000,0x00000000c013ca00,0x00000000c5580000)
 Metaspace       used 6016K, capacity 6902K, committed 7040K, reserved 1056768K
  class space    used 607K, capacity 622K, committed 640K, reserved 1048576K
}

Deoptimization events (7 events):
Event: 0.943 Thread 0x0000000017e4d800 Uncommon trap: reason=unstable_if action=reinterpret pc=0x0000000002967574 method=java.util.BitSet.ensureCapacity(I)V @ 6
Event: 0.943 Thread 0x0000000017e4d800 Uncommon trap: reason=unstable_if action=reinterpret pc=0x0000000002957f30 method=java.util.BitSet.nextSetBit(I)I @ 87
Event: 1.135 Thread 0x0000000017e4d800 Uncommon trap: reason=null_check action=make_not_entrant pc=0x0000000002a0dab4 method=com.android.dx.ssa.SsaRenamer.getLocalForNewReg(I)Lcom/android/dx/rop/code/LocalItem; @ 19
Event: 1.206 Thread 0x0000000017e52800 Uncommon trap: reason=unstable_if action=reinterpret pc=0x00000000029d6ac4 method=com.android.dx.rop.code.RegisterSpec.equals(ILcom/android/dx/rop/type/TypeBearer;Lcom/android/dx/rop/code/LocalItem;)Z @ 42
Event: 1.754 Thread 0x0000000017e45800 Uncommon trap: reason=unstable_if action=reinterpret pc=0x0000000002b8a5b8 method=com.android.dx.cf.code.Ropper.labelToResultIndex(I)I @ 34
Event: 1.827 Thread 0x0000000002631000 Uncommon trap: reason=unstable_if action=reinterpret pc=0x00000000029678dc method=com.android.dx.rop.cst.Constant.compareTo(Lcom/android/dx/rop/cst/Constant;)I @ 12
Event: 1.919 Thread 0x0000000002631000 Uncommon trap: reason=unstable_if action=reinterpret pc=0x0000000002c78870 method=com.android.dx.ssa.SCCP.simulateBranch(Lcom/android/dx/ssa/SsaInsn;)V @ 107

Internal exceptions (3 events):
Event: 0.040 Thread 0x0000000002631000 Exception <a 'java/lang/NoSuchMethodError': Method sun.misc.Unsafe.defineClass(Ljava/lang/String;[BII)Ljava/lang/Class; name or signature does not match> (0x00000000eab07cc0) thrown at [C:\re\workspace\8-2-build-windows-amd64-cygwin\jdk8u72\5732\hotspot\sr#eACº[¤?
Event: 0.040 Thread 0x0000000002631000 Exception <a 'java/lang/NoSuchMethodError': Method sun.misc.Unsafe.prefetchRead(Ljava/lang/Object;J)V name or signature does not match> (0x00000000eab07fa8) thrown at [C:\re\workspace\8-2-build-windows-amd64-cygwin\jdk8u72\5732\hotspot\src\share\vm\prims\j=Àøpð(ò?
Event: 1.135 Thread 0x0000000017e4d800 Implicit null exception at 0x0000000002a0bac3 to 0x0000000002a0da71

Events (10 events):
Event: 1.730 Executing VM operation: ParallelGCFailedAllocation done
Event: 1.754 Thread 0x0000000017e45800 Uncommon trap: trap_request=0xffffff65 fr.pc=0x0000000002b8a5b8
Event: 1.754 Thread 0x0000000017e45800 DEOPT PACKING pc=0x0000000002b8a5b8 sp=0x000000001873eb40
Event: 1.754 Thread 0x0000000017e45800 DEOPT UNPACKING pc=0x000000000277582a sp=0x000000001873eae8 mode 2
Event: 1.827 Thread 0x0000000002631000 Uncommon trap: trap_request=0xffffff65 fr.pc=0x00000000029678dc
Event: 1.827 Thread 0x0000000002631000 DEOPT PACKING pc=0x00000000029678dc sp=0x000000000252e470
Event: 1.827 Thread 0x0000000002631000 DEOPT UNPACKING pc=0x000000000277582a sp=0x000000000252e410 mode 2
Event: 1.919 Thread 0x0000000002631000 Uncommon trap: trap_request=0xffffff65 fr.pc=0x0000000002c78870
Event: 1.919 Thread 0x0000000002631000 DEOPT PACKING pc=0x0000000002c78870 sp=0x000000000252e700
Event: 1.919 Thread 0x0000000002631000 DEOPT UNPACKING pc=0x000000000277582a sp=0x000000000252e6a8 mode 2


Dynamic libraries:
0x00007ff71b2e0000 - 0x00007ff71b317000 	D:\Program Files\Java\jdk1.8.0_72\bin\java.exe
0x00007ffe20ec0000 - 0x00007ffe2108a000 	C:\WINDOWS\SYSTEM32\ntdll.dll
0x00007ffe20300000 - 0x00007ffe203ab000 	C:\WINDOWS\system32\KERNEL32.DLL
0x00007ffe1ddc0000 - 0x00007ffe1dfb2000 	C:\WINDOWS\system32\KERNELBASE.dll
0x00007ffe20190000 - 0x00007ffe20237000 	C:\WINDOWS\system32\ADVAPI32.dll
0x00007ffe1ea00000 - 0x00007ffe1ea9d000 	C:\WINDOWS\system32\msvcrt.dll
0x00007ffe209f0000 - 0x00007ffe20a4c000 	C:\WINDOWS\system32\sechost.dll
0x00007ffe1e2f0000 - 0x00007ffe1e41c000 	C:\WINDOWS\system32\RPCRT4.dll
0x00007ffe1e710000 - 0x00007ffe1e873000 	C:\WINDOWS\system32\USER32.dll
0x00007ffe1d4f0000 - 0x00007ffe1d50e000 	C:\WINDOWS\system32\win32u.dll
0x00007ffe203b0000 - 0x00007ffe20530000 	C:\WINDOWS\system32\GDI32.dll
0x00007ffe19a50000 - 0x00007ffe19cc4000 	C:\WINDOWS\WinSxS\amd64_microsoft.windows.common-controls_6595b64144ccf1df_6.0.14257.1000_none_7ea9765ae95490c8\COMCTL32.dll
0x00007ffe1e480000 - 0x00007ffe1e706000 	C:\WINDOWS\system32\combase.dll
0x00007ffe1dc00000 - 0x00007ffe1dc6a000 	C:\WINDOWS\system32\bcryptPrimitives.dll
0x00007ffe20a50000 - 0x00007ffe20a7d000 	C:\WINDOWS\system32\IMM32.DLL
0x0000000071db0000 - 0x0000000071e82000 	D:\Program Files\Java\jdk1.8.0_72\jre\bin\msvcr100.dll
0x0000000072350000 - 0x0000000072be0000 	D:\Program Files\Java\jdk1.8.0_72\jre\bin\server\jvm.dll
0x00007ffe1e9f0000 - 0x00007ffe1e9f7000 	C:\WINDOWS\system32\PSAPI.DLL
0x00007ffe19fc0000 - 0x00007ffe19fc9000 	C:\WINDOWS\SYSTEM32\WSOCK32.dll
0x00007ffe208a0000 - 0x00007ffe2090b000 	C:\WINDOWS\system32\WS2_32.dll
0x00007ffe1b730000 - 0x00007ffe1b753000 	C:\WINDOWS\SYSTEM32\WINMM.dll
0x00007ffe19df0000 - 0x00007ffe19dfa000 	C:\WINDOWS\SYSTEM32\VERSION.dll
0x00007ffe1b640000 - 0x00007ffe1b66c000 	C:\WINDOWS\SYSTEM32\WINMMBASE.dll
0x00007ffe1dc70000 - 0x00007ffe1dcb3000 	C:\WINDOWS\system32\cfgmgr32.dll
0x0000000072260000 - 0x000000007226f000 	D:\Program Files\Java\jdk1.8.0_72\jre\bin\verify.dll
0x0000000072230000 - 0x0000000072259000 	D:\Program Files\Java\jdk1.8.0_72\jre\bin\java.dll
0x0000000072210000 - 0x0000000072226000 	D:\Program Files\Java\jdk1.8.0_72\jre\bin\zip.dll
0x00007ffe1eb00000 - 0x00007ffe2002a000 	C:\WINDOWS\system32\SHELL32.dll
0x00007ffe1d590000 - 0x00007ffe1dbf1000 	C:\WINDOWS\system32\windows.storage.dll
0x00007ffe1e420000 - 0x00007ffe1e473000 	C:\WINDOWS\system32\shlwapi.dll
0x00007ffe1d480000 - 0x00007ffe1d48f000 	C:\WINDOWS\system32\kernel.appcore.dll
0x00007ffe1e070000 - 0x00007ffe1e120000 	C:\WINDOWS\system32\shcore.dll
0x00007ffe1d4a0000 - 0x00007ffe1d4eb000 	C:\WINDOWS\system32\powrprof.dll
0x00007ffe1dcc0000 - 0x00007ffe1ddb8000 	C:\WINDOWS\system32\ucrtbase.dll
0x00007ffe1d460000 - 0x00007ffe1d474000 	C:\WINDOWS\system32\profapi.dll

VM Arguments:
jvm_args: -Djava.awt.headless=true -Xmx1024M -Dfile.encoding=GBK -Duser.country=CN -Duser.language=zh -Duser.variant 
java_command: com.android.dx.command.Main --dex --num-threads=4 --output F:\Android\demo\TIFAInput\app\build\intermediates\pre-dexed\debug\com.android.support-appcompat-v7-23.1.1_10af35ff3fda67183f59d8c60bc72f138c75c30b.jar F:\Android\demo\TIFAInput\app\build\intermediates\exploded-aar\com.android.support\appcompat-v7\23.1.1\jars\classes.jar
java_class_path (initial): F:\Android\android-sdk\build-tools\23.0.2\lib\dx.jar
Launcher Type: SUN_STANDARD

Environment Variables:
JAVA_HOME=D:\Program Files\Java\jdk1.8.0_72
PATH=C:\ProgramData\Oracle\Java\javapath;C:\WINDOWS\system32;C:\WINDOWS;C:\WINDOWS\System32\Wbem;C:\WINDOWS\System32\WindowsPowerShell\v1.0\;D:\Program Files\Java\jdk1.8.0_72\bin;D:\Program Files\android-studio\gradle\gradle-2.10\bin
USERNAME=ºØÖ¾»¢
OS=Windows_NT
PROCESSOR_IDENTIFIER=Intel64 Family 6 Model 60 Stepping 3, GenuineIntel



---------------  S Y S T E M  ---------------

OS: Windows 10.0 , 64 bit Build 14257 (10.0.14257.1000)

CPU:total 8 (4 cores per cpu, 2 threads per core) family 6 model 60 stepping 3, cmov, cx8, fxsr, mmx, sse, sse2, sse3, ssse3, sse4.1, sse4.2, popcnt, avx, avx2, aes, clmul, erms, lzcnt, ht, tsc, tscinvbit, bmi1, bmi2

Memory: 4k page, physical 8313132k(698268k free), swap 16077280k(5140k free)

vm_info: Java HotSpot(TM) 64-Bit Server VM (25.72-b15) for windows-amd64 JRE (1.8.0_72-b15), built on Dec 22 2015 19:16:16 by "java_re" with MS VC++ 10.0 (VS2010)

time: Tue Feb 16 17:03:34 2016
elapsed time: 2 seconds (0d 0h 0m 2s)

