#
# There is insufficient memory for the Java Runtime Environment to continue.
# Native memory allocation (malloc) failed to allocate 1330656 bytes for Chunk::new
# Possible reasons:
#   The system is out of physical RAM or swap space
#   In 32 bit mode, the process size limit was hit
# Possible solutions:
#   Reduce memory load on the system
#   Increase physical memory or swap space
#   Check if swap backing store is full
#   Use 64 bit Java on a 64 bit OS
#   Decrease Java heap size (-Xmx/-Xms)
#   Decrease number of Java threads
#   Decrease Java thread stack sizes (-Xss)
#   Set larger code cache with -XX:ReservedCodeCacheSize=
# This output file may be truncated or incomplete.
#
#  Out of Memory Error (allocation.cpp:390), pid=23888, tid=25020
#
# JRE version: Java(TM) SE Runtime Environment (8.0_72-b15) (build 1.8.0_72-b15)
# Java VM: Java HotSpot(TM) 64-Bit Server VM (25.72-b15 mixed mode windows-amd64 compressed oops)
# Failed to write core dump. Minidumps are not enabled by default on client versions of Windows
#

---------------  T H R E A D  ---------------

Current thread (0x000000001523d000):  JavaThread "C2 CompilerThread1" daemon [_thread_in_native, id=25020, stack(0x0000000017930000,0x0000000017a30000)]

Stack: [0x0000000017930000,0x0000000017a30000]
[error occurred during error reporting (printing stack bounds), id 0xc0000005]

Native frames: (J=compiled Java code, j=interpreted, Vv=VM code, C=native code)


Current CompileTask:
C2:   7417 2273       4       com.android.dx.dex.file.DexFile::internIfAppropriate (128 bytes)


---------------  P R O C E S S  ---------------

Java Threads: ( => current thread )
  0x00000000171cd800 JavaThread "Service Thread" daemon [_thread_blocked, id=25004, stack(0x0000000017c30000,0x0000000017d30000)]
  0x00000000171c0800 JavaThread "C1 CompilerThread3" daemon [_thread_blocked, id=18360, stack(0x0000000017b30000,0x0000000017c30000)]
  0x00000000171b9000 JavaThread "C2 CompilerThread2" daemon [_thread_in_native, id=24596, stack(0x0000000017a30000,0x0000000017b30000)]
=>0x000000001523d000 JavaThread "C2 CompilerThread1" daemon [_thread_in_native, id=25020, stack(0x0000000017930000,0x0000000017a30000)]
  0x0000000015239800 JavaThread "C2 CompilerThread0" daemon [_thread_in_native, id=24636, stack(0x0000000017830000,0x0000000017930000)]
  0x00000000171b8000 JavaThread "Attach Listener" daemon [_thread_blocked, id=25136, stack(0x0000000017730000,0x0000000017830000)]
  0x000000001716c000 JavaThread "Signal Dispatcher" daemon [_thread_blocked, id=6740, stack(0x0000000017630000,0x0000000017730000)]
  0x0000000017150800 JavaThread "Finalizer" daemon [_thread_blocked, id=25108, stack(0x0000000017530000,0x0000000017630000)]
  0x0000000002706000 JavaThread "Reference Handler" daemon [_thread_blocked, id=25040, stack(0x0000000017030000,0x0000000017130000)]
  0x0000000002611000 JavaThread "main" [_thread_in_vm, id=24000, stack(0x0000000002430000,0x0000000002530000)]

Other Threads:
  0x0000000015229000 VMThread [stack: 0x0000000016f30000,0x0000000017030000] [id=12044]
  0x0000000017239000 WatcherThread [stack: 0x0000000017d30000,0x0000000017e30000] [id=19848]

VM state:not at safepoint (normal execution)

VM Mutex/Monitor currently owned by a thread: None

Heap:
 PSYoungGen      total 290816K, used 153823K [0x00000000eab00000, 0x00000000fe400000, 0x0000000100000000)
  eden space 262144K, 52% used [0x00000000eab00000,0x00000000f304dd10,0x00000000fab00000)
  from space 28672K, 60% used [0x00000000fc800000,0x00000000fd8ea128,0x00000000fe400000)
  to   space 29184K, 0% used [0x00000000fab00000,0x00000000fab00000,0x00000000fc780000)
 ParOldGen       total 87552K, used 42887K [0x00000000c0000000, 0x00000000c5580000, 0x00000000eab00000)
  object space 87552K, 48% used [0x00000000c0000000,0x00000000c29e1c78,0x00000000c5580000)
 Metaspace       used 7430K, capacity 7832K, committed 7936K, reserved 1056768K
  class space    used 691K, capacity 720K, committed 768K, reserved 1048576K

Card table byte_map: [0x0000000011ad0000,0x0000000011ce0000] byte_map_base: 0x00000000114d0000

Marking Bits: (ParMarkBitMap*) 0x0000000072b60600
 Begin Bits: [0x0000000012640000, 0x0000000013640000)
 End Bits:   [0x0000000013640000, 0x0000000014640000)

Polling page: 0x00000000008f0000

CodeCache: size=245760Kb used=11000Kb max_used=11000Kb free=234759Kb
 bounds [0x0000000002710000, 0x00000000031e0000, 0x0000000011710000]
 total_blobs=2993 nmethods=2714 adapters=191
 compilation: enabled

Compilation events (10 events):
Event: 7.362 Thread 0x000000001523d000 2273       4       com.android.dx.dex.file.DexFile::internIfAppropriate (128 bytes)
Event: 7.362 Thread 0x00000000171c0800 nmethod 2807 0x00000000031d1610 code [0x00000000031d17e0, 0x00000000031d1f48]
Event: 7.363 Thread 0x00000000171c0800 2809       2       sun.security.provider.ByteArrayAccess::b2iBig64 (614 bytes)
Event: 7.364 Thread 0x00000000171c0800 nmethod 2809 0x00000000031d3810 code [0x00000000031d39a0, 0x00000000031d40e8]
Event: 7.364 Thread 0x00000000171c0800 2810 %     3       sun.security.provider.SHA::implCompress @ 12 (491 bytes)
Event: 7.365 Thread 0x00000000171c0800 nmethod 2810% 0x00000000031d4410 code [0x00000000031d4600, 0x00000000031d4f88]
Event: 7.365 Thread 0x00000000171c0800 2811       3       sun.security.provider.SHA::implCompress (491 bytes)
Event: 7.366 Thread 0x00000000171c0800 nmethod 2811 0x00000000031d5910 code [0x00000000031d5b00, 0x00000000031d63e8]
Event: 7.404 Thread 0x00000000171c0800 2813       2       java.net.URLStreamHandler::hostsEqual (75 bytes)
Event: 7.405 Thread 0x00000000171c0800 nmethod 2813 0x00000000031d0f50 code [0x00000000031d10e0, 0x00000000031d1378]

GC Heap History (10 events):
Event: 3.203 GC heap before
{Heap before GC invocations=4 (full 0):
 PSYoungGen      total 38400K, used 38390K [0x00000000eab00000, 0x00000000ef600000, 0x0000000100000000)
  eden space 33280K, 100% used [0x00000000eab00000,0x00000000ecb80000,0x00000000ecb80000)
  from space 5120K, 99% used [0x00000000ecb80000,0x00000000ed07d8e8,0x00000000ed080000)
  to   space 5120K, 0% used [0x00000000ef100000,0x00000000ef100000,0x00000000ef600000)
 ParOldGen       total 87552K, used 9518K [0x00000000c0000000, 0x00000000c5580000, 0x00000000eab00000)
  object space 87552K, 10% used [0x00000000c0000000,0x00000000c094bb00,0x00000000c5580000)
 Metaspace       used 6312K, capacity 7094K, committed 7296K, reserved 1056768K
  class space    used 608K, capacity 622K, committed 640K, reserved 1048576K
Event: 3.264 GC heap after
Heap after GC invocations=4 (full 0):
 PSYoungGen      total 71680K, used 5094K [0x00000000eab00000, 0x00000000ef600000, 0x0000000100000000)
  eden space 66560K, 0% used [0x00000000eab00000,0x00000000eab00000,0x00000000eec00000)
  from space 5120K, 99% used [0x00000000ef100000,0x00000000ef5f98d8,0x00000000ef600000)
  to   space 5120K, 0% used [0x00000000eec00000,0x00000000eec00000,0x00000000ef100000)
 ParOldGen       total 87552K, used 14589K [0x00000000c0000000, 0x00000000c5580000, 0x00000000eab00000)
  object space 87552K, 16% used [0x00000000c0000000,0x00000000c0e3f550,0x00000000c5580000)
 Metaspace       used 6312K, capacity 7094K, committed 7296K, reserved 1056768K
  class space    used 608K, capacity 622K, committed 640K, reserved 1048576K
}
Event: 4.880 GC heap before
{Heap before GC invocations=5 (full 0):
 PSYoungGen      total 71680K, used 71654K [0x00000000eab00000, 0x00000000ef600000, 0x0000000100000000)
  eden space 66560K, 100% used [0x00000000eab00000,0x00000000eec00000,0x00000000eec00000)
  from space 5120K, 99% used [0x00000000ef100000,0x00000000ef5f98d8,0x00000000ef600000)
  to   space 5120K, 0% used [0x00000000eec00000,0x00000000eec00000,0x00000000ef100000)
 ParOldGen       total 87552K, used 14589K [0x00000000c0000000, 0x00000000c5580000, 0x00000000eab00000)
  object space 87552K, 16% used [0x00000000c0000000,0x00000000c0e3f550,0x00000000c5580000)
 Metaspace       used 6404K, capacity 7158K, committed 7296K, reserved 1056768K
  class space    used 609K, capacity 622K, committed 640K, reserved 1048576K
Event: 4.918 GC heap after
Heap after GC invocations=5 (full 0):
 PSYoungGen      total 71680K, used 5107K [0x00000000eab00000, 0x00000000f4e00000, 0x0000000100000000)
  eden space 66560K, 0% used [0x00000000eab00000,0x00000000eab00000,0x00000000eec00000)
  from space 5120K, 99% used [0x00000000eec00000,0x00000000ef0fce68,0x00000000ef100000)
  to   space 16896K, 0% used [0x00000000f3d80000,0x00000000f3d80000,0x00000000f4e00000)
 ParOldGen       total 87552K, used 25524K [0x00000000c0000000, 0x00000000c5580000, 0x00000000eab00000)
  object space 87552K, 29% used [0x00000000c0000000,0x00000000c18ed2c0,0x00000000c5580000)
 Metaspace       used 6404K, capacity 7158K, committed 7296K, reserved 1056768K
  class space    used 609K, capacity 622K, committed 640K, reserved 1048576K
}
Event: 5.183 GC heap before
{Heap before GC invocations=6 (full 0):
 PSYoungGen      total 71680K, used 71667K [0x00000000eab00000, 0x00000000f4e00000, 0x0000000100000000)
  eden space 66560K, 100% used [0x00000000eab00000,0x00000000eec00000,0x00000000eec00000)
  from space 5120K, 99% used [0x00000000eec00000,0x00000000ef0fce68,0x00000000ef100000)
  to   space 16896K, 0% used [0x00000000f3d80000,0x00000000f3d80000,0x00000000f4e00000)
 ParOldGen       total 87552K, used 25524K [0x00000000c0000000, 0x00000000c5580000, 0x00000000eab00000)
  object space 87552K, 29% used [0x00000000c0000000,0x00000000c18ed2c0,0x00000000c5580000)
 Metaspace       used 6462K, capacity 7222K, committed 7296K, reserved 1056768K
  class space    used 609K, capacity 622K, committed 640K, reserved 1048576K
Event: 5.227 GC heap after
Heap after GC invocations=6 (full 0):
 PSYoungGen      total 147968K, used 15877K [0x00000000eab00000, 0x00000000f5200000, 0x0000000100000000)
  eden space 131072K, 0% used [0x00000000eab00000,0x00000000eab00000,0x00000000f2b00000)
  from space 16896K, 93% used [0x00000000f3d80000,0x00000000f4d016f0,0x00000000f4e00000)
  to   space 18944K, 0% used [0x00000000f2b00000,0x00000000f2b00000,0x00000000f3d80000)
 ParOldGen       total 87552K, used 25524K [0x00000000c0000000, 0x00000000c5580000, 0x00000000eab00000)
  object space 87552K, 29% used [0x00000000c0000000,0x00000000c18ed2c0,0x00000000c5580000)
 Metaspace       used 6462K, capacity 7222K, committed 7296K, reserved 1056768K
  class space    used 609K, capacity 622K, committed 640K, reserved 1048576K
}
Event: 5.723 GC heap before
{Heap before GC invocations=7 (full 0):
 PSYoungGen      total 147968K, used 146949K [0x00000000eab00000, 0x00000000f5200000, 0x0000000100000000)
  eden space 131072K, 100% used [0x00000000eab00000,0x00000000f2b00000,0x00000000f2b00000)
  from space 16896K, 93% used [0x00000000f3d80000,0x00000000f4d016f0,0x00000000f4e00000)
  to   space 18944K, 0% used [0x00000000f2b00000,0x00000000f2b00000,0x00000000f3d80000)
 ParOldGen       total 87552K, used 25526K [0x00000000c0000000, 0x00000000c5580000, 0x00000000eab00000)
  object space 87552K, 29% used [0x00000000c0000000,0x00000000c18ed9a8,0x00000000c5580000)
 Metaspace       used 6588K, capacity 7256K, committed 7424K, reserved 1056768K
  class space    used 628K, capacity 656K, committed 768K, reserved 1048576K
Event: 5.759 GC heap after
Heap after GC invocations=7 (full 0):
 PSYoungGen      total 150016K, used 18923K [0x00000000eab00000, 0x00000000fe500000, 0x0000000100000000)
  eden space 131072K, 0% used [0x00000000eab00000,0x00000000eab00000,0x00000000f2b00000)
  from space 18944K, 99% used [0x00000000f2b00000,0x00000000f3d7acd8,0x00000000f3d80000)
  to   space 29696K, 0% used [0x00000000fc800000,0x00000000fc800000,0x00000000fe500000)
 ParOldGen       total 87552K, used 41116K [0x00000000c0000000, 0x00000000c5580000, 0x00000000eab00000)
  object space 87552K, 46% used [0x00000000c0000000,0x00000000c28272e0,0x00000000c5580000)
 Metaspace       used 6588K, capacity 7256K, committed 7424K, reserved 1056768K
  class space    used 628K, capacity 656K, committed 768K, reserved 1048576K
}
Event: 5.760 GC heap before
{Heap before GC invocations=8 (full 0):
 PSYoungGen      total 150016K, used 20636K [0x00000000eab00000, 0x00000000fe500000, 0x0000000100000000)
  eden space 131072K, 1% used [0x00000000eab00000,0x00000000eacac4b8,0x00000000f2b00000)
  from space 18944K, 99% used [0x00000000f2b00000,0x00000000f3d7acd8,0x00000000f3d80000)
  to   space 29696K, 0% used [0x00000000fc800000,0x00000000fc800000,0x00000000fe500000)
 ParOldGen       total 87552K, used 41116K [0x00000000c0000000, 0x00000000c5580000, 0x00000000eab00000)
  object space 87552K, 46% used [0x00000000c0000000,0x00000000c28272e0,0x00000000c5580000)
 Metaspace       used 6588K, capacity 7256K, committed 7424K, reserved 1056768K
  class space    used 628K, capacity 656K, committed 768K, reserved 1048576K
Event: 5.782 GC heap after
Heap after GC invocations=8 (full 0):
 PSYoungGen      total 290816K, used 17320K [0x00000000eab00000, 0x00000000fe400000, 0x0000000100000000)
  eden space 262144K, 0% used [0x00000000eab00000,0x00000000eab00000,0x00000000fab00000)
  from space 28672K, 60% used [0x00000000fc800000,0x00000000fd8ea128,0x00000000fe400000)
  to   space 29184K, 0% used [0x00000000fab00000,0x00000000fab00000,0x00000000fc780000)
 ParOldGen       total 87552K, used 42887K [0x00000000c0000000, 0x00000000c5580000, 0x00000000eab00000)
  object space 87552K, 48% used [0x00000000c0000000,0x00000000c29e1c78,0x00000000c5580000)
 Metaspace       used 6588K, capacity 7256K, committed 7424K, reserved 1056768K
  class space    used 628K, capacity 656K, committed 768K, reserved 1048576K
}

Deoptimization events (10 events):
Event: 6.583 Thread 0x0000000002611000 Uncommon trap: reason=class_check action=maybe_recompile pc=0x0000000002ab93f8 method=java.util.Arrays.equals([Ljava/lang/Object;[Ljava/lang/Object;)Z @ 62
Event: 6.583 Thread 0x0000000002611000 Uncommon trap: reason=speculate_class_check action=maybe_recompile pc=0x0000000002abc280 method=com.android.dx.util.FixedSizeList.equals(Ljava/lang/Object;)Z @ 25
Event: 6.583 Thread 0x0000000002611000 Uncommon trap: reason=class_check action=maybe_recompile pc=0x0000000002ab93f8 method=java.util.Arrays.equals([Ljava/lang/Object;[Ljava/lang/Object;)Z @ 62
Event: 6.583 Thread 0x0000000002611000 Uncommon trap: reason=speculate_class_check action=maybe_recompile pc=0x0000000002abc280 method=com.android.dx.util.FixedSizeList.equals(Ljava/lang/Object;)Z @ 25
Event: 6.583 Thread 0x0000000002611000 Uncommon trap: reason=unstable_if action=reinterpret pc=0x0000000002ab93d0 method=java.util.Arrays.equals([Ljava/lang/Object;[Ljava/lang/Object;)Z @ 23
Event: 6.583 Thread 0x0000000002611000 Uncommon trap: reason=speculate_class_check action=maybe_recompile pc=0x0000000002abc280 method=com.android.dx.util.FixedSizeList.equals(Ljava/lang/Object;)Z @ 25
Event: 6.805 Thread 0x0000000002611000 Uncommon trap: reason=unstable_if action=reinterpret pc=0x00000000030c44c8 method=com.android.dx.dex.code.LocalList$MakeState.snapshot(ILcom/android/dx/rop/code/RegisterSpecSet;)V @ 86
Event: 7.038 Thread 0x0000000002611000 Uncommon trap: reason=unstable_if action=reinterpret pc=0x000000000308a724 method=java.util.ArrayList.<init>(I)V @ 5
Event: 7.089 Thread 0x0000000002611000 Uncommon trap: reason=unstable_if action=reinterpret pc=0x0000000002b257fc method=java.lang.Long.numberOfTrailingZeros(J)I @ 3
Event: 7.352 Thread 0x0000000002611000 Uncommon trap: reason=unstable_if action=reinterpret pc=0x0000000002a1666c method=java.util.Arrays.copyOf([Ljava/lang/Object;ILjava/lang/Class;)[Ljava/lang/Object; @ 3

Internal exceptions (8 events):
Event: 0.053 Thread 0x0000000002611000 Exception <a 'java/lang/NoSuchMethodError': Method sun.misc.Unsafe.defineClass(Ljava/lang/String;[BII)Ljava/lang/Class; name or signature does not match> (0x00000000eab07cc0) thrown at [C:\re\workspace\8-2-build-windows-amd64-cygwin\jdk8u72\5732\hotspot\sr∂êR—>´?
Event: 0.053 Thread 0x0000000002611000 Exception <a 'java/lang/NoSuchMethodError': Method sun.misc.Unsafe.prefetchRead(Ljava/lang/Object;J)V name or signature does not match> (0x00000000eab07fa8) thrown at [C:\re\workspace\8-2-build-windows-amd64-cygwin\jdk8u72\5732\hotspot\src\share\vm\prims\jÌuè5O˝?
Event: 1.832 Thread 0x0000000017464800 Implicit null exception at 0x0000000002a68122 to 0x0000000002a68229
Event: 4.965 Thread 0x00000000174d6800 Implicit null exception at 0x0000000002d8cc49 to 0x0000000002d8e051
Event: 4.979 Thread 0x0000000017464800 Implicit null exception at 0x0000000002d83dd3 to 0x0000000002d8582d
Event: 5.326 Thread 0x0000000002611000 Exception <a 'java/lang/ArrayIndexOutOfBoundsException': 18> (0x00000000ec5a4bb0) thrown at [C:\re\workspace\8-2-build-windows-amd64-cygwin\jdk8u72\5732\hotspot\src\share\vm\interpreter\interpreterRuntime.cpp, line 366]
Event: 5.327 Thread 0x0000000002611000 Exception <a 'java/lang/ArrayIndexOutOfBoundsException': 145> (0x00000000ec5a6730) thrown at [C:\re\workspace\8-2-build-windows-amd64-cygwin\jdk8u72\5732\hotspot\src\share\vm\interpreter\interpreterRuntime.cpp, line 366]
Event: 5.333 Thread 0x0000000002611000 Exception <a 'java/lang/ArrayIndexOutOfBoundsException'> (0x00000000ec5a7a18) thrown at [C:\re\workspace\8-2-build-windows-amd64-cygwin\jdk8u72\5732\hotspot\src\share\vm\runtime\sharedRuntime.cpp, line 605]

Events (10 events):
Event: 7.410 loading class com/android/dex/Dex$TypeIndexToDescriptorTable
Event: 7.410 loading class com/android/dex/Dex$TypeIndexToDescriptorTable done
Event: 7.410 loading class com/android/dex/Dex$ProtoIdTable
Event: 7.410 loading class com/android/dex/Dex$ProtoIdTable done
Event: 7.410 loading class com/android/dex/Dex$FieldIdTable
Event: 7.410 loading class com/android/dex/Dex$FieldIdTable done
Event: 7.411 loading class com/android/dex/Dex$MethodIdTable
Event: 7.411 loading class com/android/dex/Dex$MethodIdTable done
Event: 7.412 loading class com/android/dex/Dex$Section
Event: 7.412 loading class com/android/dex/Dex$Section done


Dynamic libraries:
0x00007ff71b2e0000 - 0x00007ff71b317000 	D:\Program Files\Java\jdk1.8.0_72\bin\java.exe
0x00007ffe20ec0000 - 0x00007ffe2108a000 	C:\WINDOWS\SYSTEM32\ntdll.dll
0x00007ffe20300000 - 0x00007ffe203ab000 	C:\WINDOWS\system32\KERNEL32.DLL
0x00007ffe1ddc0000 - 0x00007ffe1dfb2000 	C:\WINDOWS\system32\KERNELBASE.dll
0x00007ffe20190000 - 0x00007ffe20237000 	C:\WINDOWS\system32\ADVAPI32.dll
0x00007ffe1ea00000 - 0x00007ffe1ea9d000 	C:\WINDOWS\system32\msvcrt.dll
0x00007ffe209f0000 - 0x00007ffe20a4c000 	C:\WINDOWS\system32\sechost.dll
0x00007ffe1e2f0000 - 0x00007ffe1e41c000 	C:\WINDOWS\system32\RPCRT4.dll
0x00007ffe1e710000 - 0x00007ffe1e873000 	C:\WINDOWS\system32\USER32.dll
0x00007ffe1d4f0000 - 0x00007ffe1d50e000 	C:\WINDOWS\system32\win32u.dll
0x00007ffe203b0000 - 0x00007ffe20530000 	C:\WINDOWS\system32\GDI32.dll
0x00007ffe19a50000 - 0x00007ffe19cc4000 	C:\WINDOWS\WinSxS\amd64_microsoft.windows.common-controls_6595b64144ccf1df_6.0.14257.1000_none_7ea9765ae95490c8\COMCTL32.dll
0x00007ffe1e480000 - 0x00007ffe1e706000 	C:\WINDOWS\system32\combase.dll
0x00007ffe1dc00000 - 0x00007ffe1dc6a000 	C:\WINDOWS\system32\bcryptPrimitives.dll
0x00007ffe20a50000 - 0x00007ffe20a7d000 	C:\WINDOWS\system32\IMM32.DLL
0x0000000071db0000 - 0x0000000071e82000 	D:\Program Files\Java\jdk1.8.0_72\jre\bin\msvcr100.dll
0x0000000072350000 - 0x0000000072be0000 	D:\Program Files\Java\jdk1.8.0_72\jre\bin\server\jvm.dll
0x00007ffe1e9f0000 - 0x00007ffe1e9f7000 	C:\WINDOWS\system32\PSAPI.DLL
0x00007ffe19fc0000 - 0x00007ffe19fc9000 	C:\WINDOWS\SYSTEM32\WSOCK32.dll
0x00007ffe1b730000 - 0x00007ffe1b753000 	C:\WINDOWS\SYSTEM32\WINMM.dll
0x00007ffe208a0000 - 0x00007ffe2090b000 	C:\WINDOWS\system32\WS2_32.dll
0x00007ffe19df0000 - 0x00007ffe19dfa000 	C:\WINDOWS\SYSTEM32\VERSION.dll
0x00007ffe1b640000 - 0x00007ffe1b66c000 	C:\WINDOWS\SYSTEM32\WINMMBASE.dll
0x00007ffe1dc70000 - 0x00007ffe1dcb3000 	C:\WINDOWS\system32\cfgmgr32.dll
0x0000000072260000 - 0x000000007226f000 	D:\Program Files\Java\jdk1.8.0_72\jre\bin\verify.dll
0x0000000072230000 - 0x0000000072259000 	D:\Program Files\Java\jdk1.8.0_72\jre\bin\java.dll
0x0000000072210000 - 0x0000000072226000 	D:\Program Files\Java\jdk1.8.0_72\jre\bin\zip.dll
0x00007ffe1eb00000 - 0x00007ffe2002a000 	C:\WINDOWS\system32\SHELL32.dll
0x00007ffe1d590000 - 0x00007ffe1dbf1000 	C:\WINDOWS\system32\windows.storage.dll
0x00007ffe1e420000 - 0x00007ffe1e473000 	C:\WINDOWS\system32\shlwapi.dll
0x00007ffe1d480000 - 0x00007ffe1d48f000 	C:\WINDOWS\system32\kernel.appcore.dll
0x00007ffe1e070000 - 0x00007ffe1e120000 	C:\WINDOWS\system32\shcore.dll
0x00007ffe1d4a0000 - 0x00007ffe1d4eb000 	C:\WINDOWS\system32\powrprof.dll
0x00007ffe1dcc0000 - 0x00007ffe1ddb8000 	C:\WINDOWS\system32\ucrtbase.dll
0x00007ffe1d460000 - 0x00007ffe1d474000 	C:\WINDOWS\system32\profapi.dll

VM Arguments:
jvm_args: -Djava.awt.headless=true -Xmx1024M -Dfile.encoding=GBK -Duser.country=CN -Duser.language=zh -Duser.variant 
java_command: com.android.dx.command.Main --dex --num-threads=4 --output F:\Android\demo\TIFAInput\app\build\intermediates\pre-dexed\debug\com.android.support-support-v4-23.1.1_409ebd0304609055abb6d2579c9c821f9778eae0.jar F:\Android\demo\TIFAInput\app\build\intermediates\exploded-aar\com.android.support\support-v4\23.1.1\jars\classes.jar
java_class_path (initial): F:\Android\android-sdk\build-tools\23.0.2\lib\dx.jar
Launcher Type: SUN_STANDARD

Environment Variables:
JAVA_HOME=D:\Program Files\Java\jdk1.8.0_72
PATH=C:\ProgramData\Oracle\Java\javapath;C:\WINDOWS\system32;C:\WINDOWS;C:\WINDOWS\System32\Wbem;C:\WINDOWS\System32\WindowsPowerShell\v1.0\;D:\Program Files\Java\jdk1.8.0_72\bin;D:\Program Files\android-studio\gradle\gradle-2.10\bin
USERNAME=∫ÿ÷æª¢
OS=Windows_NT
PROCESSOR_IDENTIFIER=Intel64 Family 6 Model 60 Stepping 3, GenuineIntel



---------------  S Y S T E M  ---------------

OS: Windows 10.0 , 64 bit Build 14257 (10.0.14257.1000)

CPU:total 8 (4 cores per cpu, 2 threads per core) family 6 model 60 stepping 3, cmov, cx8, fxsr, mmx, sse, sse2, sse3, ssse3, sse4.1, sse4.2, popcnt, avx, avx2, aes, clmul, erms, lzcnt, ht, tsc, tscinvbit, bmi1, bmi2

Memory: 4k page, physical 8313132k(803672k free), swap 16077280k(5096k free)

vm_info: Java HotSpot(TM) 64-Bit Server VM (25.72-b15) for windows-amd64 JRE (1.8.0_72-b15), built on Dec 22 2015 19:16:16 by "java_re" with MS VC++ 10.0 (VS2010)

time: Tue Feb 16 17:08:29 2016
elapsed time: 7 seconds (0d 0h 0m 7s)

